Screen Shot 2021-07-29 at 1.25.54 PM.png
Screen Shot 2021-07-29 at 1.26.38 PM.png
20220707083019474.bmp
Screen Shot 2022-07-07 at 8.34.20 AM.png
Screen Shot 2022-07-07 at 8.34.37 AM.png
Screen Shot 2022-07-07 at 9.32.03 AM.png
Screen Shot 2022-07-07 at 10.11.38 AM.png
Screen Shot 2022-07-07 at 10.12.48 AM.png
Screen Shot 2022-07-07 at 10.13.56 AM.png
Screen Shot 2022-07-08 at 8.37.12 AM.png
Screen Shot 2022-07-08 at 8.37.19 AM.png
20220708093310919.bmp
20220708094056300.bmp
20220708094419879.bmp
Screen Shot 2022-07-08 at 9.53.05 AM.png
Screen Shot 2022-07-08 at 9.53.33 AM.png
Screen Shot 2022-07-08 at 3.38.10 PM.png
Screen Shot 2022-07-09 at 9.51.11 AM.png
Screen Shot 2022-07-09 at 10.06.41 AM.png
20220709172935402.bmp
20220709232249657.bmp
20220710095140995.bmp
20220710110052569.bmp
20220710111221472.bmp
20220710130846084.bmp
20220711140528620.bmp
20220711204421728.bmp
20220712101130474.bmp
20220712101247224.bmp
20220712133110152.bmp
20220713081222698.bmp
20220713161948210.bmp
20220713162413931.bmp
20220714082018263.bmp
20220714140121220.bmp
20220715090258450.bmp
20220715094300843.bmp
20220715094326057.bmp
Screen Shot 2022-07-15 at 9.00.26 PM.png
Screen Shot 2022-07-15 at 9.01.26 PM.png
20220715221331122.bmp
20220716085353868.bmp
20220716102341527.bmp
20220716104512174.bmp
20220716125849528.bmp
20220716172755685.bmp
20220716222447570.bmp
20220717085305879.bmp
20220717103834093.bmp
20220717131939267.bmp
20220717134706354.bmp
20220717192014860.bmp
20220718090820428.bmp
20220718090842324.bmp
20220718090901407.bmp
20220718090927990.bmp
Screen Shot 2022-07-18 at 9.15.32 AM.png
20220718092808119.bmp
20220718204731349.bmp
20220718232730321.bmp
20220719092054063.bmp
20220719112228692.bmp
20220719220554996.bmp
20220720082927335.bmp
20220720083028935.bmp
Screen Shot 2022-07-20 at 8.43.50 AM.png
Screen Shot 2022-07-20 at 11.11.00 AM.png
Screen Shot 2022-07-20 at 11.11.19 AM.png
Screen Shot 2022-07-20 at 11.14.15 AM.png
Screen Shot 2022-07-20 at 11.20.16 AM.png
20220720112419291.bmp
20220720115322035.bmp
20220720201355425.bmp
20220721102144636.bmp
20220721155536705.bmp
20220721161447795.bmp
20220721161717992.bmp
20220721164114740.bmp
20220721165237395.bmp
20220721165341483.bmp
20220721174115840.bmp
20220721174120257.bmp
20220721174301790.bmp
Screen Shot 2022-07-21 at 5.51.28 PM.png
Screen Shot 2022-07-21 at 5.52.55 PM.png
20220721183448594.bmp
20220721183522256.bmp
20220721190125208.bmp
20220721190734866.bmp
20220721190930119.bmp
20220722070442574.bmp
20220722074213820.bmp
Screen Shot 2022-07-22 at 7.51.43 AM.png
Screen Shot 2022-07-22 at 8.22.48 AM.png
20220722083806004.bmp
20220722083909906.bmp
Screen Shot 2022-07-22 at 9.58.06 AM.png
Screen Shot 2022-07-22 at 10.01.55 AM.png
Screen Shot 2022-07-22 at 10.07.35 AM.png
Screen Shot 2022-07-22 at 10.08.33 AM.png
Screen Shot 2022-07-22 at 10.12.29 AM.png
Screen Shot 2022-07-22 at 10.14.10 AM.png
Screen Shot 2022-07-22 at 1.53.15 PM.png
Screen Shot 2022-07-22 at 5.44.54 PM.png
20220722180247627.bmp
Screen Shot 2022-07-23 at 9.02.43 AM.png
20220723090250653.bmp
20220723090543579.bmp
20220723090559922.bmp
Screen Shot 2022-07-23 at 10.26.17 AM.png
20220723102752191.bmp
Screen Shot 2022-07-23 at 10.28.31 AM.png
20220723205821696.bmp
20220723223503261.bmp
20220724104825993.bmp
Screen Shot 2022-07-24 at 12.13.37 PM.png
20220724121344656.bmp
20220725080324089.bmp
Screen Shot 2022-07-25 at 8.03.21 AM.png
Screen Shot 2022-07-25 at 8.04.18 AM.png
20220725083550604.bmp
20220726112150310.bmp
Screen Shot 2022-07-26 at 11.21.48 AM.png
Screen Shot 2022-07-26 at 11.44.50 AM.png
20220726114456876.bmp
20220726130458367.bmp
20220727083643070.bmp
20220727113418620.bmp
20220727115523334.bmp
20220727115537101.bmp
20220727134139666.bmp
20220727134149388.bmp
20220727134508173.bmp
20220727201324999.bmp
20220727201336153.bmp
20220727201346547.bmp
20220727201358119.bmp
20220727201412690.bmp
20220727202159145.bmp
bonuspics
20220728072314569.bmp
20220728072322849.bmp
20220728072339200.bmp
20220728104402703.bmp
20220728104426779.bmp
20220728104530944.bmp
20220728104638386.bmp
20220728104642727.bmp
20220728104646149.bmp
20220728104658010.bmp
20220728110818581.bmp
20220728111202632.bmp
20220728111658733.bmp
20220728112033320.bmp
20220728114042649.bmp
20220728121909176.bmp
20220728153524455.bmp
20220728153529991.bmp
20220728153536075.bmp
20220728160106693.bmp
20220728160114993.bmp
20220728231404789.bmp
20220728231427822.bmp
20220729080311380.bmp
20220729080338629.bmp
pics.lst
20220729152051031.bmp
20220729152056630.bmp
20220729152107402.bmp
20220729152115980.bmp
20220729152120449.bmp
20220729152126297.bmp
20220729152143048.bmp
20220729152207931.bmp
20220729152215181.bmp
pic-t.lst
